[debug] [2025-04-25T20:31:36.206Z] ----------------------------------------------------------------------
[debug] [2025-04-25T20:31:36.209Z] Command:       /nix/store/ixbb20farqh1f4fqbmsn6b1ixn8mc8ij-nodejs-20.18.1/bin/node /home/user/.global_modules/bin/firebase init
[debug] [2025-04-25T20:31:36.210Z] CLI Version:   14.2.1
[debug] [2025-04-25T20:31:36.210Z] Platform:      linux
[debug] [2025-04-25T20:31:36.210Z] Node Version:  v20.18.1
[debug] [2025-04-25T20:31:36.210Z] Time:          Fri Apr 25 2025 20:31:36 GMT+0000 (Coordinated Universal Time)
[debug] [2025-04-25T20:31:36.210Z] ----------------------------------------------------------------------
[debug] 
[debug] [2025-04-25T20:31:36.217Z] > command requires scopes: ["email","openid","https://www.googleapis.com/auth/cloudplatformprojects.readonly","https://www.googleapis.com/auth/firebase","https://www.googleapis.com/auth/cloud-platform"]
[debug] [2025-04-25T20:31:36.217Z] > authorizing via signed-in user (tustasgamer@gmail.com)
[info] 
     ######## #### ########  ######## ########     ###     ######  ########
     ##        ##  ##     ## ##       ##     ##  ##   ##  ##       ##
     ######    ##  ########  ######   ########  #########  ######  ######
     ##        ##  ##    ##  ##       ##     ## ##     ##       ## ##
     ##       #### ##     ## ######## ########  ##     ##  ######  ########

You're about to initialize a Firebase project in this directory:

  /home/user/portafolio-tustas

[info] 
=== Project Setup
[info] 
[info] First, let's associate this project directory with a Firebase project.
[info] You can create multiple project aliases by running firebase use --add, 
[info] but for now we'll just set up a default project.
[info] 
[debug] [2025-04-25T20:31:50.967Z] No OAuth tokens found
[debug] [2025-04-25T20:31:50.968Z] No OAuth tokens found
[debug] [2025-04-25T20:31:50.968Z] > command requires scopes: ["email","openid","https://www.googleapis.com/auth/cloudplatformprojects.readonly","https://www.googleapis.com/auth/firebase","https://www.googleapis.com/auth/cloud-platform"]
[debug] [2025-04-25T20:31:50.968Z] > authorizing via signed-in user (tustasgamer@gmail.com)
[debug] [2025-04-25T20:31:50.971Z] >>> [apiv2][query] GET https://firebase.googleapis.com/v1beta1/projects pageSize=100
[debug] [2025-04-25T20:31:51.613Z] <<< [apiv2][status] GET https://firebase.googleapis.com/v1beta1/projects 200
[debug] [2025-04-25T20:31:51.613Z] <<< [apiv2][body] GET https://firebase.googleapis.com/v1beta1/projects [omitted]
[info] i  Using project porfolio-tustas (PORFOLIO TUSTAS) 
[info] 
=== Dataconnect Setup
[debug] [2025-04-25T20:31:55.662Z] No OAuth tokens found
[debug] [2025-04-25T20:31:55.662Z] No OAuth tokens found
[debug] [2025-04-25T20:31:55.662Z] > command requires scopes: ["email","openid","https://www.googleapis.com/auth/cloudplatformprojects.readonly","https://www.googleapis.com/auth/firebase","https://www.googleapis.com/auth/cloud-platform"]
[debug] [2025-04-25T20:31:55.663Z] > authorizing via signed-in user (tustasgamer@gmail.com)
[debug] [2025-04-25T20:31:55.663Z] >>> [apiv2][query] GET https://cloudbilling.googleapis.com/v1/projects/porfolio-tustas/billingInfo [none]
[debug] [2025-04-25T20:31:56.556Z] <<< [apiv2][status] GET https://cloudbilling.googleapis.com/v1/projects/porfolio-tustas/billingInfo 200
[debug] [2025-04-25T20:31:56.557Z] <<< [apiv2][body] GET https://cloudbilling.googleapis.com/v1/projects/porfolio-tustas/billingInfo {"name":"projects/porfolio-tustas/billingInfo","projectId":"porfolio-tustas","billingAccountName":"","billingEnabled":false}
[info] i  dataconnect: ensuring required API sqladmin.googleapis.com is enabled... 
[debug] [2025-04-25T20:31:56.558Z] No OAuth tokens found
[debug] [2025-04-25T20:31:56.558Z] No OAuth tokens found
[debug] [2025-04-25T20:31:56.558Z] > command requires scopes: ["email","openid","https://www.googleapis.com/auth/cloudplatformprojects.readonly","https://www.googleapis.com/auth/firebase","https://www.googleapis.com/auth/cloud-platform"]
[debug] [2025-04-25T20:31:56.559Z] > authorizing via signed-in user (tustasgamer@gmail.com)
[debug] [2025-04-25T20:31:56.559Z] >>> [apiv2][query] GET https://serviceusage.googleapis.com/v1/projects/porfolio-tustas/services/sqladmin.googleapis.com [none]
[debug] [2025-04-25T20:31:56.559Z] >>> [apiv2][(partial)header] GET https://serviceusage.googleapis.com/v1/projects/porfolio-tustas/services/sqladmin.googleapis.com x-goog-quota-user=projects/porfolio-tustas
[debug] [2025-04-25T20:31:57.665Z] <<< [apiv2][status] GET https://serviceusage.googleapis.com/v1/projects/porfolio-tustas/services/sqladmin.googleapis.com 200
[debug] [2025-04-25T20:31:57.666Z] <<< [apiv2][body] GET https://serviceusage.googleapis.com/v1/projects/porfolio-tustas/services/sqladmin.googleapis.com [omitted]
[warn] ⚠  dataconnect: missing required API sqladmin.googleapis.com. Enabling now... 
[debug] [2025-04-25T20:31:57.667Z] No OAuth tokens found
[debug] [2025-04-25T20:31:57.667Z] No OAuth tokens found
[debug] [2025-04-25T20:31:57.667Z] > command requires scopes: ["email","openid","https://www.googleapis.com/auth/cloudplatformprojects.readonly","https://www.googleapis.com/auth/firebase","https://www.googleapis.com/auth/cloud-platform"]
[debug] [2025-04-25T20:31:57.668Z] > authorizing via signed-in user (tustasgamer@gmail.com)
[debug] [2025-04-25T20:31:57.668Z] >>> [apiv2][query] POST https://serviceusage.googleapis.com/v1/projects/porfolio-tustas/services/sqladmin.googleapis.com:enable [none]
[debug] [2025-04-25T20:31:57.668Z] >>> [apiv2][(partial)header] POST https://serviceusage.googleapis.com/v1/projects/porfolio-tustas/services/sqladmin.googleapis.com:enable x-goog-quota-user=projects/porfolio-tustas
[debug] [2025-04-25T20:31:58.033Z] <<< [apiv2][status] POST https://serviceusage.googleapis.com/v1/projects/porfolio-tustas/services/sqladmin.googleapis.com:enable 200
[debug] [2025-04-25T20:31:58.033Z] <<< [apiv2][body] POST https://serviceusage.googleapis.com/v1/projects/porfolio-tustas/services/sqladmin.googleapis.com:enable [omitted]
[debug] [2025-04-25T20:32:08.039Z] No OAuth tokens found
[debug] [2025-04-25T20:32:08.040Z] No OAuth tokens found
[debug] [2025-04-25T20:32:08.040Z] > command requires scopes: ["email","openid","https://www.googleapis.com/auth/cloudplatformprojects.readonly","https://www.googleapis.com/auth/firebase","https://www.googleapis.com/auth/cloud-platform"]
[debug] [2025-04-25T20:32:08.040Z] > authorizing via signed-in user (tustasgamer@gmail.com)
[debug] [2025-04-25T20:32:08.041Z] >>> [apiv2][query] GET https://serviceusage.googleapis.com/v1/projects/porfolio-tustas/services/sqladmin.googleapis.com [none]
[debug] [2025-04-25T20:32:08.041Z] >>> [apiv2][(partial)header] GET https://serviceusage.googleapis.com/v1/projects/porfolio-tustas/services/sqladmin.googleapis.com x-goog-quota-user=projects/porfolio-tustas
[debug] [2025-04-25T20:32:09.022Z] <<< [apiv2][status] GET https://serviceusage.googleapis.com/v1/projects/porfolio-tustas/services/sqladmin.googleapis.com 200
[debug] [2025-04-25T20:32:09.023Z] <<< [apiv2][body] GET https://serviceusage.googleapis.com/v1/projects/porfolio-tustas/services/sqladmin.googleapis.com [omitted]
[info] ✔  dataconnect: required API sqladmin.googleapis.com is enabled 
[info] ✔  Wrote dataconnect/dataconnect.yaml 
[info] ✔  Wrote dataconnect/schema/schema.gql 
[info] ✔  Wrote dataconnect/connector/connector.yaml 
[info] ✔  Wrote dataconnect/connector/queries.gql 
[info] ✔  Wrote dataconnect/connector/mutations.gql 
[info] ✔  Detected WEB app in directory /home/user/portafolio-tustas 
